12.11.2025 23:07:52	This log contains information about the import schema operation into project 'ZaawansowaneBazyDanych' on computer 'DESKTOP-J8CD1FR' by user 'Kacper'.
12.11.2025 23:07:53	Import of database schema has started.
12.11.2025 23:07:55	Gathering logins
12.11.2025 23:08:08	Gathering database credentials
12.11.2025 23:08:08	Gathering database options
12.11.2025 23:08:09	Gathering generic database scoped configuration option
12.11.2025 23:08:09	Gathering users
12.11.2025 23:08:09	Gathering roles
12.11.2025 23:08:09	Gathering application roles
12.11.2025 23:08:09	Gathering role memberships
12.11.2025 23:08:09	Gathering filegroups
12.11.2025 23:08:09	Gathering full-text catalogs
12.11.2025 23:08:09	Gathering assemblies
12.11.2025 23:08:09	Gathering certificates
12.11.2025 23:08:09	Gathering symmetric keys
12.11.2025 23:08:09	Gathering encrypted symmetric keys
12.11.2025 23:08:09	Gathering schemas
12.11.2025 23:08:09	Gathering XML schema collections
12.11.2025 23:08:09	Gathering user-defined data types
12.11.2025 23:08:09	Gathering user-defined types
12.11.2025 23:08:09	Gathering table types
12.11.2025 23:08:09	Gathering unique keys for table types
12.11.2025 23:08:09	Gathering primary keys for table types
12.11.2025 23:08:09	Gathering indexes for table types
12.11.2025 23:08:09	Gathering check constraints for table types
12.11.2025 23:08:09	Gathering default constraints for table types
12.11.2025 23:08:09	Gathering partition functions
12.11.2025 23:08:09	Gathering partition schemes
12.11.2025 23:08:09	Gathering functions
12.11.2025 23:08:09	Gathering encrypted functions
12.11.2025 23:08:09	Gathering aggregates
12.11.2025 23:08:09	Gathering procedures
12.11.2025 23:08:09	Gathering encrypted procedures
12.11.2025 23:08:09	Gathering tables
12.11.2025 23:08:09	Gathering primary keys
12.11.2025 23:08:09	Gathering unique constraints
12.11.2025 23:08:09	Gathering foreign keys
12.11.2025 23:08:09	Gathering default constraints
12.11.2025 23:08:09	Gathering check constraints
12.11.2025 23:08:09	Gathering views
12.11.2025 23:08:09	Gathering encrypted views
12.11.2025 23:08:09	Gathering indexes
12.11.2025 23:08:09	Gathering statistics
12.11.2025 23:08:09	Gathering full-text index stoplists
12.11.2025 23:08:09	Gathering search property lists
12.11.2025 23:08:09	Gathering search properties
12.11.2025 23:08:09	Gathering full-text indexes
12.11.2025 23:08:09	Gathering column store indexes
12.11.2025 23:08:09	Gathering spatial indexes
12.11.2025 23:08:09	Gathering XML indexes
12.11.2025 23:08:09	Gathering Selective XML indexes
12.11.2025 23:08:09	Gathering encrypted triggers
12.11.2025 23:08:09	Gathering triggers
12.11.2025 23:08:09	Gathering encrypted and clr ddl triggers
12.11.2025 23:08:09	Gathering ddl triggers
12.11.2025 23:08:09	Creating edge constraints
12.11.2025 23:08:09	Gathering synonyms
12.11.2025 23:08:09	Gathering defaults
12.11.2025 23:08:09	Gathering data constraint uddt bindings
12.11.2025 23:08:09	Gathering rules
12.11.2025 23:08:09	Gathering data constraint uddt bindings
12.11.2025 23:08:09	Gathering message types
12.11.2025 23:08:09	Gathering queues
12.11.2025 23:08:09	Gathering contracts
12.11.2025 23:08:09	Gathering services
12.11.2025 23:08:09	Gathering event notifications
12.11.2025 23:08:09	Gathering remote service bindings
12.11.2025 23:08:09	Gathering broker priorities
12.11.2025 23:08:09	Gathering signatures
12.11.2025 23:08:09	Gathering compression options
12.11.2025 23:08:09	Gathering sequence types
12.11.2025 23:08:09	Gathering security policies
12.11.2025 23:08:09	Gather column encryption keys
12.11.2025 23:08:09	Gathering column master keys
12.11.2025 23:08:09	Gathering external data sources
12.11.2025 23:08:09	Gathering external file formats
12.11.2025 23:08:09	Gathering external tables
12.11.2025 23:08:09	Gathering XML index compression options
12.11.2025 23:08:09	Gathering database permissions
12.11.2025 23:08:09	Gathering extended properties
12.11.2025 23:08:09	Gathering assemblies
12.11.2025 23:08:10	Gathering logins
12.11.2025 23:08:12	Scanning project for duplicate elements
12.11.2025 23:08:13	Finished duplicate element processing
12.11.2025 23:08:13	Finished importing database.
12.11.2025 23:08:13	A summary of the import was saved to the following location: C:\Users\Kacper\Desktop\ZaawansowaneBazyDanych\ZaawansowaneBazyDanych\ZaawansowaneBazyDanych\Import Schema Logs\ZaawansowaneBazyDany_20251112100752.log
12.11.2025 23:08:13	Click Finish to continue...
